<?xml version="1.0" encoding="UTF-8"?>
<!-- Generated by org.testng.reporters.JUnitReportReporter -->
<testsuite hostname="SHUBHECHCHHA" failures="0" tests="1" name="DriverCode.DriverCode" time="53.279" errors="0" timestamp="2025-06-19T21:15:23 IST" skipped="0">
  <testcase classname="DriverCode.DriverCode" name="runScript" time="53.279"/>
</testsuite> <!-- DriverCode.DriverCode -->
